This is pdfTeX, Version 3.1415926-2.3-1.40.12 (MiKTeX 2.9) (preloaded format=latex 2012.6.16)  17 OCT 2013 20:41
entering extended mode
**TunnelWang.tex
(F:\tunnelJournal\IJIT-D-13-00028\TunnelWang.tex
LaTeX2e <2011/06/27>
Babel <v3.8m> and hyphenation patterns for loaded.
(F:\tunnelJournal\IJIT-D-13-00028\JoITSRstyle.cls
Document Class: JoITSRstyle 2013/04/13 v1.0 JoITSRstyle LaTeX class file
(C:\CTEX\MiKTeX\tex\latex\base\article.cls
Document Class: article 2007/10/19 v1.4h Standard LaTeX document class
(C:\CTEX\MiKTeX\tex\latex\base\size10.clo
File: size10.clo 2007/10/19 v1.4h Standard LaTeX file (size option)
)
\c@part=\count79
\c@section=\count80
\c@subsection=\count81
\c@subsubsection=\count82
\c@paragraph=\count83
\c@subparagraph=\count84
\c@figure=\count85
\c@table=\count86
\abovecaptionskip=\skip41
\belowcaptionskip=\skip42
\bibindent=\dimen102
)
(C:\CTEX\MiKTeX\tex\latex\preprint\balance.sty
Package: balance 1999/02/23 4.3 (PWD)
\oldvsize=\dimen103
)
JoITSR Style File
(C:\CTEX\MiKTeX\tex\latex\caption\caption.sty
Package: caption 2011/11/10 v3.2e Customizing captions (AR)

(C:\CTEX\MiKTeX\tex\latex\caption\caption3.sty
Package: caption3 2011/11/01 v1.4a caption3 kernel (AR)

(C:\CTEX\MiKTeX\tex\latex\graphics\keyval.sty
Package: keyval 1999/03/16 v1.13 key=value parser (DPC)
\KV@toks@=\toks14
)
\captionmargin=\dimen104
\captionmargin@=\dimen105
\captionwidth=\dimen106
\caption@indent=\dimen107
\caption@parindent=\dimen108
\caption@hangindent=\dimen109
)
\c@ContinuedFloat=\count87
)
\@ctmp=\skip43
\@figindent=\skip44
)
(C:\CTEX\MiKTeX\tex\latex\graphics\graphicx.sty
Package: graphicx 1999/02/16 v1.0f Enhanced LaTeX Graphics (DPC,SPQR)

(C:\CTEX\MiKTeX\tex\latex\graphics\graphics.sty
Package: graphics 2009/02/05 v1.0o Standard LaTeX Graphics (DPC,SPQR)

(C:\CTEX\MiKTeX\tex\latex\graphics\trig.sty
Package: trig 1999/03/16 v1.09 sin cos tan (DPC)
)
(C:\CTEX\MiKTeX\tex\latex\00miktex\graphics.cfg
File: graphics.cfg 2007/01/18 v1.5 graphics configuration of teTeX/TeXLive
)
Package graphics Info: Driver file: dvips.def on input line 91.

(C:\CTEX\MiKTeX\tex\latex\graphics\dvips.def
File: dvips.def 1999/02/16 v3.0i Driver-dependant file (DPC,SPQR)
))
\Gin@req@height=\dimen110
\Gin@req@width=\dimen111
)
(C:\CTEX\MiKTeX\tex\latex\psnfss\times.sty
Package: times 2005/04/12 PSNFSS-v9.2a (SPQR) 
)
(C:\CTEX\MiKTeX\tex\latex\ams\math\amsmath.sty
Package: amsmath 2000/07/18 v2.13 AMS math features
\@mathmargin=\skip45

For additional information on amsmath, use the `?' option.
(C:\CTEX\MiKTeX\tex\latex\ams\math\amstext.sty
Package: amstext 2000/06/29 v2.01

(C:\CTEX\MiKTeX\tex\latex\ams\math\amsgen.sty
File: amsgen.sty 1999/11/30 v2.0
\@emptytoks=\toks15
\ex@=\dimen112
))
(C:\CTEX\MiKTeX\tex\latex\ams\math\amsbsy.sty
Package: amsbsy 1999/11/29 v1.2d
\pmbraise@=\dimen113
)
(C:\CTEX\MiKTeX\tex\latex\ams\math\amsopn.sty
Package: amsopn 1999/12/14 v2.01 operator names
)
\inf@bad=\count88
LaTeX Info: Redefining \frac on input line 211.
\uproot@=\count89
\leftroot@=\count90
LaTeX Info: Redefining \overline on input line 307.
\classnum@=\count91
\DOTSCASE@=\count92
LaTeX Info: Redefining \ldots on input line 379.
LaTeX Info: Redefining \dots on input line 382.
LaTeX Info: Redefining \cdots on input line 467.
\Mathstrutbox@=\box26
\strutbox@=\box27
\big@size=\dimen114
LaTeX Font Info:    Redeclaring font encoding OML on input line 567.
LaTeX Font Info:    Redeclaring font encoding OMS on input line 568.
\macc@depth=\count93
\c@MaxMatrixCols=\count94
\dotsspace@=\muskip10
\c@parentequation=\count95
\dspbrk@lvl=\count96
\tag@help=\toks16
\row@=\count97
\column@=\count98
\maxfields@=\count99
\andhelp@=\toks17
\eqnshift@=\dimen115
\alignsep@=\dimen116
\tagshift@=\dimen117
\tagwidth@=\dimen118
\totwidth@=\dimen119
\lineht@=\dimen120
\@envbody=\toks18
\multlinegap=\skip46
\multlinetaggap=\skip47
\mathdisplay@stack=\toks19
LaTeX Info: Redefining \[ on input line 2666.
LaTeX Info: Redefining \] on input line 2667.
)
(C:\CTEX\MiKTeX\tex\latex\amsfonts\amssymb.sty
Package: amssymb 2009/06/22 v3.00

(C:\CTEX\MiKTeX\tex\latex\amsfonts\amsfonts.sty
Package: amsfonts 2009/06/22 v3.00 Basic AMSFonts support
\symAMSa=\mathgroup4
\symAMSb=\mathgroup5
LaTeX Font Info:    Overwriting math alphabet `\mathfrak' in version `bold'
(Font)                  U/euf/m/n --> U/euf/b/n on input line 96.
))
(C:\CTEX\MiKTeX\tex\latex\subfigure\subfigure.sty
Package: subfigure 2002/07/30 v2.1.4 subfigure package
\subfigtopskip=\skip48
\subfigcapskip=\skip49
\subfigcaptopadj=\dimen121
\subfigbottomskip=\skip50
\subfigcapmargin=\dimen122
\subfiglabelskip=\skip51
\c@subfigure=\count100
\c@lofdepth=\count101
\c@subtable=\count102
\c@lotdepth=\count103

****************************************
* Local config file subfigure.cfg used *
****************************************
(C:\CTEX\MiKTeX\tex\latex\subfigure\subfigure.cfg)
\subfig@top=\skip52
\subfig@bottom=\skip53
)
(C:\CTEX\MiKTeX\tex\latex\graphics\color.sty
Package: color 2005/11/14 v1.0j Standard LaTeX Color (DPC)

(C:\CTEX\MiKTeX\tex\latex\00miktex\color.cfg
File: color.cfg 2007/01/18 v1.5 color configuration of teTeX/TeXLive
)
Package color Info: Driver file: dvips.def on input line 130.

(C:\CTEX\MiKTeX\tex\latex\graphics\dvipsnam.def
File: dvipsnam.def 1999/02/16 v3.0i Driver-dependant file (DPC,SPQR)
))
(C:\CTEX\MiKTeX\tex\latex\xcolor\xcolor.sty
Package: xcolor 2007/01/21 v2.11 LaTeX color extensions (UK)

(C:\CTEX\MiKTeX\tex\latex\00miktex\color.cfg
File: color.cfg 2007/01/18 v1.5 color configuration of teTeX/TeXLive
)
Package xcolor Info: Driver file: dvips.def on input line 225.
LaTeX Info: Redefining \color on input line 702.
Package xcolor Info: Model `cmy' substituted by `cmy0' on input line 1337.
Package xcolor Info: Model `RGB' extended on input line 1353.
Package xcolor Info: Model `HTML' substituted by `rgb' on input line 1355.
Package xcolor Info: Model `Hsb' substituted by `hsb' on input line 1356.
Package xcolor Info: Model `tHsb' substituted by `hsb' on input line 1357.
Package xcolor Info: Model `HSB' substituted by `hsb' on input line 1358.
Package xcolor Info: Model `Gray' substituted by `gray' on input line 1359.
Package xcolor Info: Model `wave' substituted by `hsb' on input line 1360.
)
(C:\CTEX\MiKTeX\tex\latex\preprint\authblk.sty
Package: authblk 2009/11/18 1.3 (PWD)
\affilsep=\skip54
\@affilsep=\skip55
\c@Maxaffil=\count104
\c@authors=\count105
\c@affil=\count106
)
(C:\CTEX\MiKTeX\tex\latex\abstract\abstract.sty
Package: abstract 2009/06/08 v1.2a configurable abstracts
\abstitleskip=\skip56
\absleftindent=\skip57
\absrightindent=\skip58
\absparindent=\skip59
\absparsep=\skip60
)
(C:\CTEX\MiKTeX\tex\latex\comment\comment.sty
\CommentStream=\write3
 Excluding comment 'comment')
(C:\CTEX\MiKTeX\tex\latex\ulem\ulem.sty
\UL@box=\box28
\UL@hyphenbox=\box29
\UL@skip=\skip61
\UL@hook=\toks20
\UL@height=\dimen123
\UL@pe=\count107
\UL@pixel=\dimen124
\ULC@box=\box30
Package: ulem 2011/03/18
\ULdepth=\dimen125
)
(C:\CTEX\MiKTeX\tex\latex\ltxmisc\url.sty
\Urlmuskip=\muskip11
Package: url 2006/04/12  ver 3.3  Verb mode for urls, etc.
)
(F:\tunnelJournal\IJIT-D-13-00028\TunnelWang.aux)
LaTeX Font Info:    Checking defaults for OML/cmm/m/it on input line 24.
LaTeX Font Info:    ... okay on input line 24.
LaTeX Font Info:    Checking defaults for T1/cmr/m/n on input line 24.
LaTeX Font Info:    ... okay on input line 24.
LaTeX Font Info:    Checking defaults for OT1/cmr/m/n on input line 24.
LaTeX Font Info:    ... okay on input line 24.
LaTeX Font Info:    Checking defaults for OMS/cmsy/m/n on input line 24.
LaTeX Font Info:    ... okay on input line 24.
LaTeX Font Info:    Checking defaults for OMX/cmex/m/n on input line 24.
LaTeX Font Info:    ... okay on input line 24.
LaTeX Font Info:    Checking defaults for U/cmr/m/n on input line 24.
LaTeX Font Info:    ... okay on input line 24.
Package caption Info: Begin \AtBeginDocument code.
Package caption Info: subfigure package is loaded.
Package caption Info: End \AtBeginDocument code.
LaTeX Font Info:    Try loading font information for OT1+ptm on input line 50.

(C:\CTEX\MiKTeX\tex\latex\psnfss\ot1ptm.fd
File: ot1ptm.fd 2001/06/04 font definitions for OT1/ptm.
)
LaTeX Font Info:    Try loading font information for U+msa on input line 50.

(C:\CTEX\MiKTeX\tex\latex\amsfonts\umsa.fd
File: umsa.fd 2009/06/22 v3.00 AMS symbols A
)
LaTeX Font Info:    Try loading font information for U+msb on input line 50.

(C:\CTEX\MiKTeX\tex\latex\amsfonts\umsb.fd
File: umsb.fd 2009/06/22 v3.00 AMS symbols B
)
LaTeX Font Info:    Try loading font information for OMS+ptm on input line 50.

(C:\CTEX\MiKTeX\tex\latex\psnfss\omsptm.fd
File: omsptm.fd 
)
LaTeX Font Info:    Font shape `OMS/ptm/m/n' in size <12> not available
(Font)              Font shape `OMS/cmsy/m/n' tried instead on input line 50.

Underfull \hbox (badness 10000) in paragraph at lines 50--50

 []


Underfull \vbox (badness 10000) has occurred while \output is active []

 [1


]
File: 17Orgimg00039.ps Graphic file (type eps)

<17Orgimg00039.ps>
File: 17veriTrjimg00039.ps Graphic file (type eps)
 <17veriTrjimg00039.ps>
Underfull \vbox (badness 10000) has occurred while \output is active []


Underfull \hbox (badness 1014) in paragraph at lines 112--116
[][]\OT1/cmr/m/n/10 The method can be con-sid-ered as a two-step
 []

[2]
Overfull \hbox (1.85905pt too wide) detected at line 130
\OML/cmm/m/it/10 P\OT1/cmr/m/n/10 (\OML/cmm/m/it/10 l[] \OT1/cmr/m/n/10 = 1\OMS
/cmsy/m/n/10 j\OML/cmm/m/it/10 I[][]I[][][]\OT1/cmr/m/n/10 ) = [] \OML/cmm/m/it
/10 :
 []


Overfull \hbox (1.85905pt too wide) detected at line 138
\OML/cmm/m/it/10 P\OT1/cmr/m/n/10 (\OML/cmm/m/it/10 I[][]I[][][]\OMS/cmsy/m/n/1
0 j\OML/cmm/m/it/10 l[] \OT1/cmr/m/n/10 = 1) = [] \OML/cmm/m/it/10 :
 []

File: 17Kptimg00039.ps Graphic file (type eps)
<17Kptimg00039.ps>
File: 8Kptimg00028.ps Graphic file (type eps)
 <8Kptimg00028.ps>
File: 17VeriKptimg00039.ps Graphic file (type eps)
 <17VeriKptimg00039.ps>
File: 8VeriKptimg00028.ps Graphic file (type eps)

<8VeriKptimg00028.ps>
File: 17Rgsimgwl00039.ps Graphic file (type eps)
 <17Rgsimgwl00039.ps>
File: 8Rgsimgwl00028.ps Graphic file (type eps)
 <8Rgsimgwl00028.ps>
Underfull \hbox (badness 1383) in paragraph at lines 185--186
[][]\OT1/cmr/m/n/10 After the key-point ver-i-fi-ca-tion step, on some
 []

[3]
File: 17Rgsimg00039.ps Graphic file (type eps)
 <17Rgsimg00039.ps>
File: 8Rgsimg00028.ps Graphic file (type eps)
 <8Rgsimg00028.ps> [4]
File: 17veriTrjimg00039.ps Graphic file (type eps)
 <17veriTrjimg00039.ps>
File: 8veriTrjimg00028.ps Graphic file (type eps)

<8veriTrjimg00028.ps>
File: 19veriTrjimg00041.ps Graphic file (type eps)
 <19veriTrjimg00041.ps>
File: 3veriTrjimg00023.ps Graphic file (type eps)
 <3veriTrjimg00023.ps> [5]
(F:\tunnelJournal\IJIT-D-13-00028\TunnelWang.bbl
Overfull \hbox (2.41405pt too wide) in paragraph at lines 14--17
\OT1/cmr/m/n/9 de-tec-tion of in-de-pen-den-t mo-tion in crowd-s.  In \OT1/cmr/
m/it/9 CVPR\OT1/cmr/m/n/9 ,
 []


Overfull \hbox (0.42668pt too wide) in paragraph at lines 37--40
[][]\OT1/cmr/m/n/9 P. Felzen-szwal-b and D. Hut-ten-locher.  Pic-to-ri-al struc
-
 []


Overfull \hbox (1.37187pt too wide) in paragraph at lines 58--61
[][]\OT1/cmr/m/n/9 J. Gal-l and V. Lem-pit-sky.  Class-specific hough forest-
 []


Overfull \hbox (18.85739pt too wide) in paragraph at lines 155--158
[][]\OT1/cmr/m/n/9 Z. Wang, M. K-age-sawa, S. Ono, A. Ban-no, and K. Ikeuchi.
 []

)
Overfull \vbox (11.0447pt too high) has occurred while \output is active []


[6] (F:\tunnelJournal\IJIT-D-13-00028\TunnelWang.aux) ) 
Here is how much of TeX's memory you used:
 3699 strings out of 495355
 49938 string characters out of 3183882
 129163 words of memory out of 3000000
 6804 multiletter control sequences out of 15000+200000
 15125 words of font info for 55 fonts, out of 3000000 for 9000
 14 hyphenation exceptions out of 8191
 43i,15n,40p,1394b,319s stack positions out of 5000i,500n,10000p,200000b,50000s

Output written on TunnelWang.dvi (6 pages, 53572 bytes).
